{"D:\\Codes\\onchain\\neo3-sdk-js\\src\\neo-core\\config\\index.ts": {"path":"D:\\Codes\\onchain\\neo3-sdk-js\\src\\neo-core\\config\\index.ts","statementMap":{"0":{"start":{"line":1,"column":0},"end":{"line":7,"column":null}}},"fnMap":{},"branchMap":{},"s":{"0":2},"f":{},"b":{}}
,"D:\\Codes\\onchain\\neo3-sdk-js\\src\\neo-core\\helper\\isHexString.ts": {"path":"D:\\Codes\\onchain\\neo3-sdk-js\\src\\neo-core\\helper\\isHexString.ts","statementMap":{"0":{"start":{"line":1,"column":0},"end":{"line":1,"column":31}},"1":{"start":{"line":3,"column":30},"end":{"line":3,"column":36}},"2":{"start":{"line":4,"column":17},"end":{"line":4,"column":35}},"3":{"start":{"line":6,"column":20},"end":{"line":13,"column":1}},"4":{"start":{"line":7,"column":2},"end":{"line":7,"column":31}},"5":{"start":{"line":8,"column":2},"end":{"line":12,"column":null}},"6":{"start":{"line":9,"column":4},"end":{"line":9,"column":78}},"7":{"start":{"line":11,"column":4},"end":{"line":11,"column":17}},"8":{"start":{"line":15,"column":0},"end":{"line":15,"column":27}}},"fnMap":{"0":{"name":"(anonymous_1)","decl":{"start":{"line":6,"column":20},"end":{"line":6,"column":21}},"loc":{"start":{"line":6,"column":51},"end":{"line":13,"column":1}}}},"branchMap":{"0":{"loc":{"start":{"line":9,"column":11},"end":{"line":9,"column":35}},"type":"binary-expr","locations":[{"start":{"line":9,"column":11},"end":{"line":9,"column":35}},{"start":{"line":9,"column":39},"end":{"line":9,"column":77}}]}},"s":{"0":2,"1":2,"2":2,"3":2,"4":3,"5":3,"6":3,"7":0,"8":2},"f":{"0":3},"b":{"0":[3,3]}}
,"D:\\Codes\\onchain\\neo3-sdk-js\\src\\neo-core\\helper\\converters\\hex2num.ts": {"path":"D:\\Codes\\onchain\\neo3-sdk-js\\src\\neo-core\\helper\\converters\\hex2num.ts","statementMap":{"0":{"start":{"line":1,"column":16},"end":{"line":3,"column":1}},"1":{"start":{"line":2,"column":2},"end":{"line":2,"column":27}},"2":{"start":{"line":5,"column":0},"end":{"line":5,"column":23}}},"fnMap":{"0":{"name":"(anonymous_0)","decl":{"start":{"line":1,"column":16},"end":{"line":1,"column":17}},"loc":{"start":{"line":1,"column":40},"end":{"line":3,"column":1}}}},"branchMap":{},"s":{"0":2,"1":32,"2":2},"f":{"0":32},"b":{}}
,"D:\\Codes\\onchain\\neo3-sdk-js\\src\\neo-core\\helper\\converters\\hexString2byteArray.ts": {"path":"D:\\Codes\\onchain\\neo3-sdk-js\\src\\neo-core\\helper\\converters\\hexString2byteArray.ts","statementMap":{"0":{"start":{"line":1,"column":0},"end":{"line":1,"column":41}},"1":{"start":{"line":3,"column":28},"end":{"line":9,"column":1}},"2":{"start":{"line":4,"column":2},"end":{"line":6,"column":null}},"3":{"start":{"line":5,"column":4},"end":{"line":5,"column":84}},"4":{"start":{"line":8,"column":2},"end":{"line":8,"column":62}},"5":{"start":{"line":8,"column":52},"end":{"line":8,"column":60}},"6":{"start":{"line":11,"column":0},"end":{"line":11,"column":35}}},"fnMap":{"0":{"name":"(anonymous_1)","decl":{"start":{"line":3,"column":28},"end":{"line":3,"column":29}},"loc":{"start":{"line":3,"column":60},"end":{"line":9,"column":1}}},"1":{"name":"(anonymous_2)","decl":{"start":{"line":8,"column":37},"end":{"line":8,"column":38}},"loc":{"start":{"line":8,"column":52},"end":{"line":8,"column":60}}}},"branchMap":{"0":{"loc":{"start":{"line":4,"column":2},"end":{"line":6,"column":null}},"type":"if","locations":[{"start":{"line":4,"column":2},"end":{"line":6,"column":null}},{"start":{"line":4,"column":2},"end":{"line":6,"column":null}}]}},"s":{"0":2,"1":2,"2":0,"3":0,"4":0,"5":0,"6":2},"f":{"0":0,"1":0},"b":{"0":[0,0]}}
,"D:\\Codes\\onchain\\neo3-sdk-js\\src\\neo-core\\helper\\converters\\hexString2numArray.ts": {"path":"D:\\Codes\\onchain\\neo3-sdk-js\\src\\neo-core\\helper\\converters\\hexString2numArray.ts","statementMap":{"0":{"start":{"line":1,"column":0},"end":{"line":1,"column":41}},"1":{"start":{"line":3,"column":27},"end":{"line":11,"column":1}},"2":{"start":{"line":4,"column":2},"end":{"line":6,"column":null}},"3":{"start":{"line":5,"column":4},"end":{"line":5,"column":83}},"4":{"start":{"line":8,"column":2},"end":{"line":10,"column":5}},"5":{"start":{"line":9,"column":4},"end":{"line":9,"column":null}},"6":{"start":{"line":13,"column":0},"end":{"line":13,"column":34}}},"fnMap":{"0":{"name":"(anonymous_1)","decl":{"start":{"line":3,"column":27},"end":{"line":3,"column":28}},"loc":{"start":{"line":3,"column":59},"end":{"line":11,"column":1}}},"1":{"name":"(anonymous_2)","decl":{"start":{"line":8,"column":37},"end":{"line":8,"column":38}},"loc":{"start":{"line":8,"column":51},"end":{"line":10,"column":3}}}},"branchMap":{"0":{"loc":{"start":{"line":4,"column":2},"end":{"line":6,"column":null}},"type":"if","locations":[{"start":{"line":4,"column":2},"end":{"line":6,"column":null}},{"start":{"line":4,"column":2},"end":{"line":6,"column":null}}]}},"s":{"0":2,"1":2,"2":3,"3":0,"4":3,"5":96,"6":2},"f":{"0":3,"1":96},"b":{"0":[0,3]}}
,"D:\\Codes\\onchain\\neo3-sdk-js\\src\\neo-core\\helper\\converters\\hexString2wif.ts": {"path":"D:\\Codes\\onchain\\neo3-sdk-js\\src\\neo-core\\helper\\converters\\hexString2wif.ts","statementMap":{"0":{"start":{"line":1,"column":0},"end":{"line":1,"column":34}},"1":{"start":{"line":2,"column":0},"end":{"line":2,"column":32}},"2":{"start":{"line":3,"column":0},"end":{"line":3,"column":33}},"3":{"start":{"line":5,"column":54},"end":{"line":5,"column":60}},"4":{"start":{"line":7,"column":22},"end":{"line":15,"column":1}},"5":{"start":{"line":8,"column":2},"end":{"line":10,"column":null}},"6":{"start":{"line":9,"column":4},"end":{"line":9,"column":58}},"7":{"start":{"line":11,"column":18},"end":{"line":11,"column":58}},"8":{"start":{"line":13,"column":16},"end":{"line":13,"column":43}},"9":{"start":{"line":14,"column":2},"end":{"line":14,"column":33}},"10":{"start":{"line":17,"column":0},"end":{"line":17,"column":29}}},"fnMap":{"0":{"name":"(anonymous_1)","decl":{"start":{"line":7,"column":22},"end":{"line":7,"column":23}},"loc":{"start":{"line":7,"column":52},"end":{"line":15,"column":1}}}},"branchMap":{"0":{"loc":{"start":{"line":8,"column":2},"end":{"line":10,"column":null}},"type":"if","locations":[{"start":{"line":8,"column":2},"end":{"line":10,"column":null}},{"start":{"line":8,"column":2},"end":{"line":10,"column":null}}]}},"s":{"0":2,"1":2,"2":2,"3":2,"4":2,"5":3,"6":0,"7":3,"8":3,"9":3,"10":2},"f":{"0":3},"b":{"0":[0,3]}}
,"D:\\Codes\\onchain\\neo3-sdk-js\\src\\neo-core\\helper\\converters\\index.ts": {"path":"D:\\Codes\\onchain\\neo3-sdk-js\\src\\neo-core\\helper\\converters\\index.ts","statementMap":{"0":{"start":{"line":1,"column":0},"end":{"line":1,"column":7}},"1":{"start":{"line":10,"column":2},"end":{"line":1,"column":32}},"2":{"start":{"line":2,"column":0},"end":{"line":2,"column":7}},"3":{"start":{"line":11,"column":2},"end":{"line":2,"column":56}},"4":{"start":{"line":3,"column":0},"end":{"line":3,"column":7}},"5":{"start":{"line":12,"column":2},"end":{"line":3,"column":54}},"6":{"start":{"line":4,"column":0},"end":{"line":4,"column":7}},"7":{"start":{"line":13,"column":2},"end":{"line":4,"column":44}},"8":{"start":{"line":5,"column":0},"end":{"line":5,"column":7}},"9":{"start":{"line":14,"column":2},"end":{"line":5,"column":32}},"10":{"start":{"line":6,"column":0},"end":{"line":6,"column":7}},"11":{"start":{"line":15,"column":2},"end":{"line":6,"column":54}},"12":{"start":{"line":7,"column":0},"end":{"line":7,"column":7}},"13":{"start":{"line":16,"column":2},"end":{"line":7,"column":44}}},"fnMap":{},"branchMap":{},"s":{"0":2,"1":2,"2":2,"3":2,"4":2,"5":2,"6":2,"7":2,"8":2,"9":2,"10":2,"11":2,"12":2,"13":2},"f":{},"b":{}}
,"D:\\Codes\\onchain\\neo3-sdk-js\\src\\neo-core\\helper\\converters\\num2hex.ts": {"path":"D:\\Codes\\onchain\\neo3-sdk-js\\src\\neo-core\\helper\\converters\\num2hex.ts","statementMap":{"0":{"start":{"line":1,"column":16},"end":{"line":5,"column":1}},"1":{"start":{"line":2,"column":12},"end":{"line":2,"column":42}},"2":{"start":{"line":3,"column":2},"end":{"line":3,"column":43}},"3":{"start":{"line":3,"column":27},"end":{"line":3,"column":43}},"4":{"start":{"line":4,"column":2},"end":{"line":4,"column":27}},"5":{"start":{"line":7,"column":0},"end":{"line":7,"column":23}}},"fnMap":{"0":{"name":"(anonymous_0)","decl":{"start":{"line":1,"column":16},"end":{"line":1,"column":17}},"loc":{"start":{"line":1,"column":40},"end":{"line":5,"column":1}}}},"branchMap":{"0":{"loc":{"start":{"line":3,"column":2},"end":{"line":3,"column":43}},"type":"if","locations":[{"start":{"line":3,"column":2},"end":{"line":3,"column":43}},{"start":{"line":3,"column":2},"end":{"line":3,"column":43}}]}},"s":{"0":2,"1":64,"2":64,"3":4,"4":64,"5":2},"f":{"0":64},"b":{"0":[4,60]}}
,"D:\\Codes\\onchain\\neo3-sdk-js\\src\\neo-core\\helper\\converters\\numArray2hexString.ts": {"path":"D:\\Codes\\onchain\\neo3-sdk-js\\src\\neo-core\\helper\\converters\\numArray2hexString.ts","statementMap":{"0":{"start":{"line":1,"column":27},"end":{"line":11,"column":1}},"1":{"start":{"line":2,"column":2},"end":{"line":4,"column":null}},"2":{"start":{"line":3,"column":4},"end":{"line":3,"column":84}},"3":{"start":{"line":6,"column":2},"end":{"line":10,"column":9}},"4":{"start":{"line":7,"column":14},"end":{"line":7,"column":31}},"5":{"start":{"line":8,"column":4},"end":{"line":8,"column":40}},"6":{"start":{"line":8,"column":24},"end":{"line":8,"column":40}},"7":{"start":{"line":9,"column":4},"end":{"line":9,"column":27}},"8":{"start":{"line":13,"column":0},"end":{"line":13,"column":34}}},"fnMap":{"0":{"name":"(anonymous_0)","decl":{"start":{"line":1,"column":27},"end":{"line":1,"column":28}},"loc":{"start":{"line":1,"column":55},"end":{"line":11,"column":1}}},"1":{"name":"(anonymous_1)","decl":{"start":{"line":6,"column":22},"end":{"line":6,"column":23}},"loc":{"start":{"line":6,"column":61},"end":{"line":10,"column":3}}}},"branchMap":{"0":{"loc":{"start":{"line":2,"column":2},"end":{"line":4,"column":null}},"type":"if","locations":[{"start":{"line":2,"column":2},"end":{"line":4,"column":null}},{"start":{"line":2,"column":2},"end":{"line":4,"column":null}}]},"1":{"loc":{"start":{"line":8,"column":4},"end":{"line":8,"column":40}},"type":"if","locations":[{"start":{"line":8,"column":4},"end":{"line":8,"column":40}},{"start":{"line":8,"column":4},"end":{"line":8,"column":40}}]}},"s":{"0":2,"1":1,"2":0,"3":1,"4":32,"5":32,"6":2,"7":32,"8":2},"f":{"0":1,"1":32},"b":{"0":[0,1],"1":[2,30]}}
,"D:\\Codes\\onchain\\neo3-sdk-js\\src\\neo-core\\helper\\converters\\wif2hexString.ts": {"path":"D:\\Codes\\onchain\\neo3-sdk-js\\src\\neo-core\\helper\\converters\\wif2hexString.ts","statementMap":{"0":{"start":{"line":1,"column":0},"end":{"line":1,"column":34}},"1":{"start":{"line":2,"column":0},"end":{"line":2,"column":33}},"2":{"start":{"line":4,"column":47},"end":{"line":4,"column":53}},"3":{"start":{"line":6,"column":22},"end":{"line":13,"column":1}},"4":{"start":{"line":7,"column":2},"end":{"line":9,"column":null}},"5":{"start":{"line":8,"column":4},"end":{"line":8,"column":46}},"6":{"start":{"line":10,"column":18},"end":{"line":10,"column":68}},"7":{"start":{"line":11,"column":2},"end":{"line":12,"column":40}},"8":{"start":{"line":15,"column":0},"end":{"line":15,"column":29}}},"fnMap":{"0":{"name":"(anonymous_1)","decl":{"start":{"line":6,"column":22},"end":{"line":6,"column":23}},"loc":{"start":{"line":6,"column":46},"end":{"line":13,"column":1}}}},"branchMap":{"0":{"loc":{"start":{"line":7,"column":2},"end":{"line":9,"column":null}},"type":"if","locations":[{"start":{"line":7,"column":2},"end":{"line":9,"column":null}},{"start":{"line":7,"column":2},"end":{"line":9,"column":null}}]},"1":{"loc":{"start":{"line":7,"column":6},"end":{"line":7,"column":10}},"type":"binary-expr","locations":[{"start":{"line":7,"column":6},"end":{"line":7,"column":10}},{"start":{"line":7,"column":14},"end":{"line":7,"column":39}}]}},"s":{"0":2,"1":2,"2":2,"3":2,"4":2,"5":0,"6":2,"7":2,"8":2},"f":{"0":2},"b":{"0":[0,2],"1":[2,2]}}
,"D:\\Codes\\onchain\\neo3-sdk-js\\src\\neo-core\\helper\\crypto\\privateKey.ts": {"path":"D:\\Codes\\onchain\\neo3-sdk-js\\src\\neo-core\\helper\\crypto\\privateKey.ts","statementMap":{"0":{"start":{"line":1,"column":0},"end":{"line":1,"column":44}},"1":{"start":{"line":2,"column":0},"end":{"line":2,"column":null}},"2":{"start":{"line":4,"column":0},"end":{"line":4,"column":34}},"3":{"start":{"line":7,"column":31},"end":{"line":7,"column":37}},"4":{"start":{"line":9,"column":27},"end":{"line":51,"column":1}},"5":{"start":{"line":10,"column":14},"end":{"line":10,"column":40}},"6":{"start":{"line":11,"column":16},"end":{"line":11,"column":31}},"7":{"start":{"line":12,"column":17},"end":{"line":12,"column":19}},"8":{"start":{"line":13,"column":18},"end":{"line":13,"column":20}},"9":{"start":{"line":14,"column":18},"end":{"line":14,"column":20}},"10":{"start":{"line":15,"column":12},"end":{"line":15,"column":14}},"11":{"start":{"line":17,"column":2},"end":{"line":44,"column":null}},"12":{"start":{"line":19,"column":6},"end":{"line":19,"column":23}},"13":{"start":{"line":20,"column":6},"end":{"line":20,"column":66}},"14":{"start":{"line":20,"column":54},"end":{"line":20,"column":64}},"15":{"start":{"line":21,"column":6},"end":{"line":21,"column":47}},"16":{"start":{"line":22,"column":6},"end":{"line":22,"column":37}},"17":{"start":{"line":23,"column":6},"end":{"line":23,"column":12}},"18":{"start":{"line":25,"column":6},"end":{"line":25,"column":24}},"19":{"start":{"line":26,"column":6},"end":{"line":26,"column":66}},"20":{"start":{"line":26,"column":54},"end":{"line":26,"column":64}},"21":{"start":{"line":27,"column":6},"end":{"line":27,"column":47}},"22":{"start":{"line":28,"column":6},"end":{"line":28,"column":37}},"23":{"start":{"line":29,"column":6},"end":{"line":29,"column":12}},"24":{"start":{"line":31,"column":6},"end":{"line":31,"column":24}},"25":{"start":{"line":32,"column":6},"end":{"line":32,"column":37}},"26":{"start":{"line":33,"column":6},"end":{"line":33,"column":47}},"27":{"start":{"line":34,"column":6},"end":{"line":34,"column":66}},"28":{"start":{"line":34,"column":54},"end":{"line":34,"column":64}},"29":{"start":{"line":35,"column":6},"end":{"line":35,"column":12}},"30":{"start":{"line":37,"column":6},"end":{"line":37,"column":18}},"31":{"start":{"line":38,"column":6},"end":{"line":38,"column":37}},"32":{"start":{"line":39,"column":6},"end":{"line":39,"column":47}},"33":{"start":{"line":40,"column":6},"end":{"line":40,"column":66}},"34":{"start":{"line":40,"column":54},"end":{"line":40,"column":64}},"35":{"start":{"line":41,"column":6},"end":{"line":41,"column":12}},"36":{"start":{"line":43,"column":6},"end":{"line":43,"column":71}},"37":{"start":{"line":45,"column":2},"end":{"line":50,"column":4}},"38":{"start":{"line":59,"column":2},"end":{"line":59,"column":20}},"39":{"start":{"line":53,"column":25},"end":{"line":56,"column":1}},"40":{"start":{"line":54,"column":19},"end":{"line":54,"column":50}},"41":{"start":{"line":55,"column":2},"end":{"line":55,"column":42}},"42":{"start":{"line":60,"column":2},"end":{"line":60,"column":18}}},"fnMap":{"0":{"name":"(anonymous_1)","decl":{"start":{"line":9,"column":27},"end":{"line":9,"column":28}},"loc":{"start":{"line":9,"column":75},"end":{"line":51,"column":1}}},"1":{"name":"(anonymous_2)","decl":{"start":{"line":20,"column":31},"end":{"line":20,"column":32}},"loc":{"start":{"line":20,"column":54},"end":{"line":20,"column":64}}},"2":{"name":"(anonymous_3)","decl":{"start":{"line":26,"column":31},"end":{"line":26,"column":32}},"loc":{"start":{"line":26,"column":54},"end":{"line":26,"column":64}}},"3":{"name":"(anonymous_4)","decl":{"start":{"line":34,"column":31},"end":{"line":34,"column":32}},"loc":{"start":{"line":34,"column":54},"end":{"line":34,"column":64}}},"4":{"name":"(anonymous_5)","decl":{"start":{"line":40,"column":31},"end":{"line":40,"column":32}},"loc":{"start":{"line":40,"column":54},"end":{"line":40,"column":64}}},"5":{"name":"(anonymous_6)","decl":{"start":{"line":53,"column":25},"end":{"line":53,"column":40}},"loc":{"start":{"line":53,"column":42},"end":{"line":56,"column":1}}}},"branchMap":{"0":{"loc":{"start":{"line":18,"column":4},"end":{"line":23,"column":12}},"type":"switch","locations":[{"start":{"line":18,"column":4},"end":{"line":23,"column":12}},{"start":{"line":24,"column":4},"end":{"line":29,"column":12}},{"start":{"line":30,"column":4},"end":{"line":35,"column":12}},{"start":{"line":36,"column":4},"end":{"line":41,"column":12}},{"start":{"line":42,"column":4},"end":{"line":43,"column":71}}]}},"s":{"0":1,"1":1,"2":1,"3":1,"4":1,"5":3,"6":3,"7":3,"8":3,"9":3,"10":3,"11":3,"12":0,"13":0,"14":0,"15":0,"16":0,"17":0,"18":1,"19":1,"20":32,"21":1,"22":1,"23":1,"24":1,"25":1,"26":1,"27":1,"28":32,"29":1,"30":1,"31":1,"32":1,"33":1,"34":32,"35":1,"36":0,"37":3,"38":1,"39":1,"40":0,"41":0,"42":1},"f":{"0":3,"1":0,"2":32,"3":32,"4":32,"5":0},"b":{"0":[0,1,1,1,0]}}
}
