TN:
SF:src\neo-core\config\index.ts
FNF:0
FNH:0
DA:1,2
LF:1
LH:1
BRF:0
BRH:0
end_of_record
TN:
SF:src\neo-core\helper\isHexString.ts
FN:6,(anonymous_1)
FNF:1
FNH:1
FNDA:3,(anonymous_1)
DA:1,2
DA:3,2
DA:4,2
DA:6,2
DA:7,3
DA:8,3
DA:9,3
DA:11,0
DA:15,2
LF:9
LH:8
BRDA:9,0,0,3
BRDA:9,0,1,3
BRF:2
BRH:2
end_of_record
TN:
SF:src\neo-core\helper\converters\hex2num.ts
FN:1,(anonymous_0)
FNF:1
FNH:1
FNDA:32,(anonymous_0)
DA:1,2
DA:2,32
DA:5,2
LF:3
LH:3
BRF:0
BRH:0
end_of_record
TN:
SF:src\neo-core\helper\converters\hexString2byteArray.ts
FN:3,(anonymous_1)
FN:8,(anonymous_2)
FNF:2
FNH:0
FNDA:0,(anonymous_1)
FNDA:0,(anonymous_2)
DA:1,2
DA:3,2
DA:4,0
DA:5,0
DA:8,0
DA:11,2
LF:6
LH:3
BRDA:4,0,0,0
BRDA:4,0,1,0
BRF:2
BRH:0
end_of_record
TN:
SF:src\neo-core\helper\converters\hexString2numArray.ts
FN:3,(anonymous_1)
FN:8,(anonymous_2)
FNF:2
FNH:2
FNDA:3,(anonymous_1)
FNDA:96,(anonymous_2)
DA:1,2
DA:3,2
DA:4,3
DA:5,0
DA:8,3
DA:9,96
DA:13,2
LF:7
LH:6
BRDA:4,0,0,0
BRDA:4,0,1,3
BRF:2
BRH:1
end_of_record
TN:
SF:src\neo-core\helper\converters\hexString2wif.ts
FN:7,(anonymous_1)
FNF:1
FNH:1
FNDA:3,(anonymous_1)
DA:1,2
DA:2,2
DA:3,2
DA:5,2
DA:7,2
DA:8,3
DA:9,0
DA:11,3
DA:13,3
DA:14,3
DA:17,2
LF:11
LH:10
BRDA:8,0,0,0
BRDA:8,0,1,3
BRF:2
BRH:1
end_of_record
TN:
SF:src\neo-core\helper\converters\index.ts
FNF:0
FNH:0
DA:1,2
DA:2,2
DA:3,2
DA:4,2
DA:5,2
DA:6,2
DA:7,2
DA:10,2
DA:11,2
DA:12,2
DA:13,2
DA:14,2
DA:15,2
DA:16,2
LF:14
LH:14
BRF:0
BRH:0
end_of_record
TN:
SF:src\neo-core\helper\converters\num2hex.ts
FN:1,(anonymous_0)
FNF:1
FNH:1
FNDA:64,(anonymous_0)
DA:1,2
DA:2,64
DA:3,64
DA:4,64
DA:7,2
LF:5
LH:5
BRDA:3,0,0,4
BRDA:3,0,1,60
BRF:2
BRH:2
end_of_record
TN:
SF:src\neo-core\helper\converters\numArray2hexString.ts
FN:1,(anonymous_0)
FN:6,(anonymous_1)
FNF:2
FNH:2
FNDA:1,(anonymous_0)
FNDA:32,(anonymous_1)
DA:1,2
DA:2,1
DA:3,0
DA:6,1
DA:7,32
DA:8,32
DA:9,32
DA:13,2
LF:8
LH:7
BRDA:2,0,0,0
BRDA:2,0,1,1
BRDA:8,1,0,2
BRDA:8,1,1,30
BRF:4
BRH:3
end_of_record
TN:
SF:src\neo-core\helper\converters\wif2hexString.ts
FN:6,(anonymous_1)
FNF:1
FNH:1
FNDA:2,(anonymous_1)
DA:1,2
DA:2,2
DA:4,2
DA:6,2
DA:7,2
DA:8,0
DA:10,2
DA:11,2
DA:15,2
LF:9
LH:8
BRDA:7,0,0,0
BRDA:7,0,1,2
BRDA:7,1,0,2
BRDA:7,1,1,2
BRF:4
BRH:3
end_of_record
TN:
SF:src\neo-core\helper\crypto\privateKey.ts
FN:9,(anonymous_1)
FN:20,(anonymous_2)
FN:26,(anonymous_3)
FN:34,(anonymous_4)
FN:40,(anonymous_5)
FN:53,(anonymous_6)
FNF:6
FNH:4
FNDA:3,(anonymous_1)
FNDA:0,(anonymous_2)
FNDA:32,(anonymous_3)
FNDA:32,(anonymous_4)
FNDA:32,(anonymous_5)
FNDA:0,(anonymous_6)
DA:1,1
DA:2,1
DA:4,1
DA:7,1
DA:9,1
DA:10,3
DA:11,3
DA:12,3
DA:13,3
DA:14,3
DA:15,3
DA:17,3
DA:19,0
DA:20,0
DA:21,0
DA:22,0
DA:23,0
DA:25,1
DA:26,32
DA:27,1
DA:28,1
DA:29,1
DA:31,1
DA:32,1
DA:33,1
DA:34,32
DA:35,1
DA:37,1
DA:38,1
DA:39,1
DA:40,32
DA:41,1
DA:43,0
DA:45,3
DA:53,1
DA:54,0
DA:55,0
DA:59,1
DA:60,1
LF:39
LH:31
BRDA:18,0,0,0
BRDA:18,0,1,1
BRDA:18,0,2,1
BRDA:18,0,3,1
BRDA:18,0,4,0
BRF:5
BRH:3
end_of_record
